Initial graph:
order: 5
size: 0
1:
2:
3:
4:
5:

Adding undirected edges:
add 1-2 weight 5: true
add 1-3 weight 2: true
add 2-4 weight 7: true
add 3-4 weight 1: true
add 4-5 weight 3: true
order: 5
size: 5
1: (2, 5) (3, 2)
2: (1, 5) (4, 7)
3: (1, 2) (4, 1)
4: (2, 7) (3, 1) (5, 3)
5: (4, 3)

Access tests:
has_edge 1 3: true
has_edge 3 1: true
has_edge 2 5: false
weight 3 4: 1
weight 2 5: INF
degree 4: 3
degree 5: 1

Rejected insertions:
duplicate 1-2 weight 9: false
invalid vertex 0-2: false
invalid weight 2-5 weight 0: false
self-loop 3-3 weight 4: false
size: 5
1: (2, 5) (3, 2)
2: (1, 5) (4, 7)
3: (1, 2) (4, 1)
4: (2, 7) (3, 1) (5, 3)
5: (4, 3)

Adding directed arc:
add arc 5->2 weight 9: true
has_edge 5 2: true
has_edge 2 5: false
mixed duplicate edge 2-5 weight 11: false
size: 6
1: (2, 5) (3, 2)
2: (1, 5) (4, 7)
3: (1, 2) (4, 1)
4: (2, 7) (3, 1) (5, 3)
5: (2, 9) (4, 3)

destroyed graph is NULL: true
